# JRE version: OpenJDK Runtime Environment (11.0.8+10) (build 11.0.8+10-b944.6842174)
# Java VM: OpenJDK 64-Bit Server VM (11.0.8+10-b944.6842174, mixed mode, tiered, compressed oops, g1 gc, windows-amd64)
Heap:
 garbage-first heap   total 346112K, used 259717K [0x00000000a0000000, 0x0000000100000000)
  region size 1024K, 27 young (27648K), 7 survivors (7168K)
 Metaspace       used 88356K, capacity 95021K, committed 95280K, reserved 1130496K
  class space    used 11530K, capacity 13391K, committed 13440K, reserved 1048576K
GC Heap History (20 events):
Event: 50.103 GC heap before
{Heap before GC invocations=97 (full 0):
 garbage-first heap   total 294912K, used 235857K [0x00000000a0000000, 0x0000000100000000)
  region size 1024K, 33 young (33792K), 5 survivors (5120K)
 Metaspace       used 85805K, capacity 92213K, committed 92464K, reserved 1128448K
  class space    used 11293K, capacity 13103K, committed 13184K, reserved 1048576K
}
Event: 50.131 GC heap after
{Heap after GC invocations=98 (full 0):
 garbage-first heap   total 294912K, used 213364K [0x00000000a0000000, 0x0000000100000000)
  region size 1024K, 5 young (5120K), 5 survivors (5120K)
 Metaspace       used 85805K, capacity 92213K, committed 92464K, reserved 1128448K
  class space    used 11293K, capacity 13103K, committed 13184K, reserved 1048576K
}
Event: 51.173 GC heap before
{Heap before GC invocations=98 (full 0):
 garbage-first heap   total 294912K, used 239988K [0x00000000a0000000, 0x0000000100000000)
  region size 1024K, 32 young (32768K), 5 survivors (5120K)
 Metaspace       used 86169K, capacity 92634K, committed 92720K, reserved 1128448K
  class space    used 11323K, capacity 13131K, committed 13184K, reserved 1048576K
}
Event: 51.198 GC heap after
{Heap after GC invocations=99 (full 0):
 garbage-first heap   total 346112K, used 219007K [0x00000000a0000000, 0x0000000100000000)
  region size 1024K, 4 young (4096K), 4 survivors (4096K)
 Metaspace       used 86169K, capacity 92634K, committed 92720K, reserved 1128448K
  class space    used 11323K, capacity 13131K, committed 13184K, reserved 1048576K
}
Event: 52.759 GC heap before
{Heap before GC invocations=100 (full 0):
 garbage-first heap   total 346112K, used 266111K [0x00000000a0000000, 0x0000000100000000)
  region size 1024K, 44 young (45056K), 4 survivors (4096K)
 Metaspace       used 86255K, capacity 92779K, committed 92976K, reserved 1128448K
  class space    used 11327K, capacity 13134K, committed 13184K, reserved 1048576K
}
Event: 52.776 GC heap after
{Heap after GC invocations=101 (full 0):
 garbage-first heap   total 346112K, used 225114K [0x00000000a0000000, 0x0000000100000000)
  region size 1024K, 6 young (6144K), 6 survivors (6144K)
 Metaspace       used 86255K, capacity 92779K, committed 92976K, reserved 1128448K
  class space    used 11327K, capacity 13134K, committed 13184K, reserved 1048576K
}
Event: 53.136 GC heap before
{Heap before GC invocations=101 (full 0):
 garbage-first heap   total 346112K, used 234330K [0x00000000a0000000, 0x0000000100000000)
  region size 1024K, 16 young (16384K), 6 survivors (6144K)
 Metaspace       used 86262K, capacity 92779K, committed 92976K, reserved 1128448K
  class space    used 11327K, capacity 13134K, committed 13184K, reserved 1048576K
}
Event: 53.146 GC heap after
{Heap after GC invocations=102 (full 0):
 garbage-first heap   total 346112K, used 224871K [0x00000000a0000000, 0x0000000100000000)
  region size 1024K, 2 young (2048K), 2 survivors (2048K)
 Metaspace       used 86262K, capacity 92779K, committed 92976K, reserved 1128448K
  class space    used 11327K, capacity 13134K, committed 13184K, reserved 1048576K
}
Event: 55.028 GC heap before
{Heap before GC invocations=102 (full 0):
 garbage-first heap   total 346112K, used 272999K [0x00000000a0000000, 0x0000000100000000)
  region size 1024K, 49 young (50176K), 2 survivors (2048K)
 Metaspace       used 86264K, capacity 92779K, committed 92976K, reserved 1128448K
  class space    used 11327K, capacity 13134K, committed 13184K, reserved 1048576K
}
Event: 55.035 GC heap after
{Heap after GC invocations=103 (full 0):
 garbage-first heap   total 346112K, used 226333K [0x00000000a0000000, 0x0000000100000000)
  region size 1024K, 4 young (4096K), 4 survivors (4096K)
 Metaspace       used 86264K, capacity 92779K, committed 92976K, reserved 1128448K
  class space    used 11327K, capacity 13134K, committed 13184K, reserved 1048576K
}
Event: 132.463 GC heap before
{Heap before GC invocations=104 (full 0):
 garbage-first heap   total 346112K, used 286749K [0x00000000a0000000, 0x0000000100000000)
  region size 1024K, 56 young (57344K), 4 survivors (4096K)
 Metaspace       used 87155K, capacity 93771K, committed 93872K, reserved 1130496K
  class space    used 11451K, capacity 13306K, committed 13312K, reserved 1048576K
}
Event: 132.535 GC heap after
{Heap after GC invocations=105 (full 0):
 garbage-first heap   total 346112K, used 229120K [0x00000000a0000000, 0x0000000100000000)
  region size 1024K, 7 young (7168K), 7 survivors (7168K)
 Metaspace       used 87155K, capacity 93771K, committed 93872K, reserved 1130496K
  class space    used 11451K, capacity 13306K, committed 13312K, reserved 1048576K
}
Event: 132.718 GC heap before
{Heap before GC invocations=105 (full 0):
 garbage-first heap   total 346112K, used 237312K [0x00000000a0000000, 0x0000000100000000)
  region size 1024K, 16 young (16384K), 7 survivors (7168K)
 Metaspace       used 87178K, capacity 93773K, committed 93872K, reserved 1130496K
  class space    used 11451K, capacity 13306K, committed 13312K, reserved 1048576K
}
Event: 132.764 GC heap after
{Heap after GC invocations=106 (full 0):
 garbage-first heap   total 346112K, used 227386K [0x00000000a0000000, 0x0000000100000000)
  region size 1024K, 2 young (2048K), 2 survivors (2048K)
 Metaspace       used 87178K, capacity 93773K, committed 93872K, reserved 1130496K
  class space    used 11451K, capacity 13306K, committed 13312K, reserved 1048576K
}
Event: 134.744 GC heap before
{Heap before GC invocations=106 (full 0):
 garbage-first heap   total 346112K, used 285754K [0x00000000a0000000, 0x0000000100000000)
  region size 1024K, 60 young (61440K), 2 survivors (2048K)
 Metaspace       used 87464K, capacity 94081K, committed 94128K, reserved 1130496K
  class space    used 11458K, capacity 13310K, committed 13312K, reserved 1048576K
}
Event: 134.757 GC heap after
{Heap after GC invocations=107 (full 0):
 garbage-first heap   total 346112K, used 230553K [0x00000000a0000000, 0x0000000100000000)
  region size 1024K, 5 young (5120K), 5 survivors (5120K)
 Metaspace       used 87464K, capacity 94081K, committed 94128K, reserved 1130496K
  class space    used 11458K, capacity 13310K, committed 13312K, reserved 1048576K
}
Event: 139.148 GC heap before
{Heap before GC invocations=107 (full 0):
 garbage-first heap   total 346112K, used 287897K [0x00000000a0000000, 0x0000000100000000)
  region size 1024K, 62 young (63488K), 5 survivors (5120K)
 Metaspace       used 88156K, capacity 94728K, committed 95024K, reserved 1130496K
  class space    used 11524K, capacity 13383K, committed 13440K, reserved 1048576K
}
Event: 139.183 GC heap after
{Heap after GC invocations=108 (full 0):
 garbage-first heap   total 346112K, used 234949K [0x00000000a0000000, 0x0000000100000000)
  region size 1024K, 8 young (8192K), 8 survivors (8192K)
 Metaspace       used 88156K, capacity 94728K, committed 95024K, reserved 1130496K
  class space    used 11524K, capacity 13383K, committed 13440K, reserved 1048576K
}
Event: 140.391 GC heap before
{Heap before GC invocations=108 (full 0):
 garbage-first heap   total 346112K, used 290245K [0x00000000a0000000, 0x0000000100000000)
  region size 1024K, 63 young (64512K), 8 survivors (8192K)
 Metaspace       used 88298K, capacity 94875K, committed 95024K, reserved 1130496K
  class space    used 11526K, capacity 13385K, committed 13440K, reserved 1048576K
}
Event: 140.441 GC heap after
{Heap after GC invocations=109 (full 0):
 garbage-first heap   total 346112K, used 241285K [0x00000000a0000000, 0x0000000100000000)
  region size 1024K, 7 young (7168K), 7 survivors (7168K)
 Metaspace       used 88298K, capacity 94875K, committed 95024K, reserved 1130496K
  class space    used 11526K, capacity 13385K, committed 13440K, reserved 1048576K
}

